06/01/21 00:32:28================================================
06/01/21 00:32:29Class: EDBClient
06/01/21 00:32:29Erro Message: Insufficient memory for this operation.
06/01/21 00:32:29================================================
06/01/21 18:38:35================================================
06/01/21 18:38:35Class: EDatabaseError
06/01/21 18:38:35Erro Message: Parameter 'FetchAll' not found
06/01/21 18:38:35================================================
06/01/21 19:15:55================================================
06/01/21 19:15:55Class: EDBClient
06/01/21 19:15:55Erro Message: Insufficient memory for this operation.
06/01/21 19:15:55================================================
06/01/21 19:21:51================================================
06/01/21 19:21:51Class: EAccessViolation
06/01/21 19:21:51Erro Message: Access violation at address 0062739C in module 'Foo.exe'. Read of address 000000A9
06/01/21 19:21:51================================================
06/01/21 19:25:50================================================
06/01/21 19:25:50Class: EDBClient
06/01/21 19:25:50Erro Message: Insufficient memory for this operation.
06/01/21 19:25:50================================================
